<?xml version="1.0" encoding="UTF-8"?>
<!-- Generated by org.testng.reporters.JUnitReportReporter -->
<testsuite hostname="khosruzs-MBP.lan" failures="0" tests="1" name="com.mco.tests.HomePageTest" time="6.055" errors="0" timestamp="2021-01-13T20:29:22 EST" skipped="0">
  <testcase classname="com.mco.tests.HomePageTest" name="loginPageTitleTest" time="6.055"/>
  <system-out/>
</testsuite> <!-- com.mco.tests.HomePageTest -->
