<?xml version="1.0" encoding="UTF-8"?>
<!-- Generated by org.testng.reporters.JUnitReportReporter -->
<testsuite hostname="khosruzs-MBP.lan" failures="0" tests="6" name="com.mco.tests.HomePageTest" time="32.093" errors="0" timestamp="2021-01-13T20:22:06 EST" skipped="0">
  <testcase classname="com.mco.tests.HomePageTest" name="loginPageTitleTest" time="3.881"/>
  <system-out/>
  <testcase classname="com.mco.tests.HomePageTest" name="loginSourceButtonNameTest" time="5.217"/>
  <system-out/>
  <testcase classname="com.mco.tests.HomePageTest" name="abotUsLinkTest" time="4.439"/>
  <system-out/>
  <testcase classname="com.mco.tests.HomePageTest" name="contactUsLinkTest" time="7.406"/>
  <system-out/>
  <testcase classname="com.mco.tests.HomePageTest" name="viewCartLinkTest" time="5.395"/>
  <system-out/>
  <testcase classname="com.mco.tests.HomePageTest" name="CurrencyListsTest" time="5.755"/>
  <system-out/>
</testsuite> <!-- com.mco.tests.HomePageTest -->
