<?xml version="1.0" encoding="UTF-8"?>
<!-- Generated by org.testng.reporters.JUnitReportReporter -->
<testsuite hostname="khosruzs-MBP.lan" failures="0" tests="4" name="com.mco.tests.LoginPageTest" time="21.446" errors="0" timestamp="2021-01-12T16:55:30 EST" skipped="0">
  <testcase classname="com.mco.tests.LoginPageTest" name="loginLogoImageTest" time="4.975"/>
  <system-out/>
  <testcase classname="com.mco.tests.LoginPageTest" name="loginPageTitleTest" time="3.941"/>
  <system-out/>
  <testcase classname="com.mco.tests.LoginPageTest" name="loginTest" time="5.592"/>
  <system-out/>
  <testcase classname="com.mco.tests.LoginPageTest" name="curentUserNameTest" time="6.938"/>
  <system-out/>
</testsuite> <!-- com.mco.tests.LoginPageTest -->
